2023-04-03 03:13:29.439961 - Initialized conversion of CBT856
2023-04-03 03:13:29.933226 - Received CBT.V504.FILE856.PDS from FILE856.XMI 
2023-04-03 03:13:29.936247 - Found $$$#DATE.txt (text/plain) in CBT.V504.FILE856.PDS, moved to PDS/$$$#DATE
2023-04-03 03:13:29.937291 - Found @@README.txt (text/plain) in CBT.V504.FILE856.PDS, moved to PDS/@@README
2023-04-03 03:13:29.939237 - De-xmi-ed @ESSMDOC to CBT856/docs/@ESSMDOC.docx
2023-04-03 03:13:29.940868 - Found @ESSMTXT.txt (text/plain) in CBT.V504.FILE856.PDS, moved to PDS/@ESSMTXT
2023-04-03 03:13:29.941834 - Found @FILE856.txt (text/plain) in CBT.V504.FILE856.PDS, moved to PDS/@FILE856
2023-04-03 03:13:29.942809 - Found ALOCLIBS.jcl (text/plain) in CBT.V504.FILE856.PDS, moved to PDS/ALOCLIBS
2023-04-03 03:13:29.944105 - Found COPYLIBS.jcl (text/plain) in CBT.V504.FILE856.PDS, moved to PDS/COPYLIBS
2023-04-03 03:13:29.945361 - Found DISCLAIM.txt (text/plain) in CBT.V504.FILE856.PDS, moved to PDS/DISCLAIM
2023-04-03 03:13:29.946555 - Found JES2PARM.txt (text/plain) in CBT.V504.FILE856.PDS, moved to PDS/JES2PARM
2023-04-03 03:13:29.948058 - Found LSES500.txt (text/plain) in CBT.V504.FILE856.PDS, moved to PDS/LSES500
2023-04-03 03:13:29.949075 - Found LSES500J.jcl (text/plain) in CBT.V504.FILE856.PDS, moved to PDS/LSES500J
2023-04-03 03:13:29.950792 - Found RAWASM.txt (text/plain) in CBT.V504.FILE856.PDS, moved to PDS/RAWASM
2023-04-03 03:13:29.952038 - Found RAWJCL.txt (text/plain) in CBT.V504.FILE856.PDS, moved to PDS/RAWJCL
2023-04-03 03:13:29.953302 - Found RAWMACS.txt (text/plain) in CBT.V504.FILE856.PDS, moved to PDS/RAWMACS
2023-04-03 03:13:29.955551 - De-xmi-ed SSMINSTD to CBT856/docs/SSMINSTD.doc
2023-04-03 03:13:29.958328 - De-xmi-ed SSMINSTP to CBT856/docs/SSMINSTP.pdf
2023-04-03 03:13:29.960470 - De-xmi-ed SSMOPSGD to CBT856/docs/SSMOPSGD.doc
2023-04-03 03:13:29.962697 - De-xmi-ed SSMOPSGP to CBT856/docs/SSMOPSGP.pdf
2023-04-03 03:13:29.964780 - De-xmi-ed SSMUSERD to CBT856/docs/SSMUSERD.doc
2023-04-03 03:13:29.967286 - De-xmi-ed SSMUSERP to CBT856/docs/SSMUSERP.pdf
2023-04-03 03:13:29.968531 - Found STSCX01A.txt (text/plain) in CBT.V504.FILE856.PDS, moved to PDS/STSCX01A
2023-04-03 03:13:29.969601 - Found STSCX05B.txt (text/plain) in CBT.V504.FILE856.PDS, moved to PDS/STSCX05B
2023-04-03 03:13:29.970686 - Found STSCX15A.txt (text/plain) in CBT.V504.FILE856.PDS, moved to PDS/STSCX15A
2023-04-03 03:13:29.971814 - Found STSCX36A.txt (text/plain) in CBT.V504.FILE856.PDS, moved to PDS/STSCX36A
